[2022-02-07 09:11:13,750] {taskinstance.py:1032} INFO - Dependencies all met for <TaskInstance: spark-book-count.spark_job manual__2022-02-07T09:11:11.878895+00:00 [queued]>
[2022-02-07 09:11:13,758] {taskinstance.py:1032} INFO - Dependencies all met for <TaskInstance: spark-book-count.spark_job manual__2022-02-07T09:11:11.878895+00:00 [queued]>
[2022-02-07 09:11:13,758] {taskinstance.py:1238} INFO - 
--------------------------------------------------------------------------------
[2022-02-07 09:11:13,759] {taskinstance.py:1239} INFO - Starting attempt 1 of 2
[2022-02-07 09:11:13,759] {taskinstance.py:1240} INFO - 
--------------------------------------------------------------------------------
[2022-02-07 09:11:13,768] {taskinstance.py:1259} INFO - Executing <Task(SparkSubmitOperator): spark_job> on 2022-02-07 09:11:11.878895+00:00
[2022-02-07 09:11:13,771] {standard_task_runner.py:52} INFO - Started process 70 to run task
[2022-02-07 09:11:13,773] {standard_task_runner.py:76} INFO - Running: ['***', 'tasks', 'run', 'spark-book-count', 'spark_job', 'manual__2022-02-07T09:11:11.878895+00:00', '--job-id', '32', '--raw', '--subdir', 'DAGS_FOLDER/spark-dag.py', '--cfg-path', '/tmp/tmpxd8pa5yp', '--error-file', '/tmp/tmpo6w8yv38']
[2022-02-07 09:11:13,774] {standard_task_runner.py:77} INFO - Job 32: Subtask spark_job
[2022-02-07 09:11:13,810] {logging_mixin.py:109} INFO - Running <TaskInstance: spark-book-count.spark_job manual__2022-02-07T09:11:11.878895+00:00 [running]> on host 26317865bac6
[2022-02-07 09:11:13,847] {taskinstance.py:1426} INFO - Exporting the following env vars:
AIRFLOW_CTX_DAG_EMAIL=***@***.com
AIRFLOW_CTX_DAG_OWNER=***
AIRFLOW_CTX_DAG_ID=spark-book-count
AIRFLOW_CTX_TASK_ID=spark_job
AIRFLOW_CTX_EXECUTION_DATE=2022-02-07T09:11:11.878895+00:00
AIRFLOW_CTX_DAG_RUN_ID=manual__2022-02-07T09:11:11.878895+00:00
[2022-02-07 09:11:13,853] {base.py:79} INFO - Using connection to: id: spark_default. Host: spark://spark, Port: 7077, Schema: , Login: , Password: None, extra: {}
[2022-02-07 09:11:13,854] {spark_submit.py:360} INFO - Spark-Submit cmd: spark-submit --master spark://spark:7077 --conf spark.master=spark://spark:7077 --name Spark book count --verbose /usr/local/spark/app/spark-book-count.py /usr/local/spark/data/book.txt
[2022-02-07 09:11:14,980] {spark_submit.py:514} INFO - Using properties file: null
[2022-02-07 09:11:15,048] {spark_submit.py:514} INFO - WARNING: An illegal reflective access operation has occurred
[2022-02-07 09:11:15,049] {spark_submit.py:514} INFO - WARNING: Illegal reflective access by org.apache.spark.unsafe.Platform (file:/home/***/.local/lib/python3.7/site-packages/pyspark/jars/spark-unsafe_2.12-3.2.1.jar) to constructor java.nio.DirectByteBuffer(long,int)
[2022-02-07 09:11:15,049] {spark_submit.py:514} INFO - WARNING: Please consider reporting this to the maintainers of org.apache.spark.unsafe.Platform
[2022-02-07 09:11:15,050] {spark_submit.py:514} INFO - WARNING: Use --illegal-access=warn to enable warnings of further illegal reflective access operations
[2022-02-07 09:11:15,050] {spark_submit.py:514} INFO - WARNING: All illegal access operations will be denied in a future release
[2022-02-07 09:11:15,090] {spark_submit.py:514} INFO - Parsed arguments:
[2022-02-07 09:11:15,091] {spark_submit.py:514} INFO - master                  spark://spark:7077
[2022-02-07 09:11:15,091] {spark_submit.py:514} INFO - deployMode              null
[2022-02-07 09:11:15,092] {spark_submit.py:514} INFO - executorMemory          null
[2022-02-07 09:11:15,092] {spark_submit.py:514} INFO - executorCores           null
[2022-02-07 09:11:15,092] {spark_submit.py:514} INFO - totalExecutorCores      null
[2022-02-07 09:11:15,092] {spark_submit.py:514} INFO - propertiesFile          null
[2022-02-07 09:11:15,092] {spark_submit.py:514} INFO - driverMemory            null
[2022-02-07 09:11:15,092] {spark_submit.py:514} INFO - driverCores             null
[2022-02-07 09:11:15,092] {spark_submit.py:514} INFO - driverExtraClassPath    null
[2022-02-07 09:11:15,093] {spark_submit.py:514} INFO - driverExtraLibraryPath  null
[2022-02-07 09:11:15,093] {spark_submit.py:514} INFO - driverExtraJavaOptions  null
[2022-02-07 09:11:15,093] {spark_submit.py:514} INFO - supervise               false
[2022-02-07 09:11:15,093] {spark_submit.py:514} INFO - queue                   null
[2022-02-07 09:11:15,093] {spark_submit.py:514} INFO - numExecutors            null
[2022-02-07 09:11:15,093] {spark_submit.py:514} INFO - files                   null
[2022-02-07 09:11:15,093] {spark_submit.py:514} INFO - pyFiles                 null
[2022-02-07 09:11:15,093] {spark_submit.py:514} INFO - archives                null
[2022-02-07 09:11:15,094] {spark_submit.py:514} INFO - mainClass               null
[2022-02-07 09:11:15,094] {spark_submit.py:514} INFO - primaryResource         file:/usr/local/spark/app/spark-book-count.py
[2022-02-07 09:11:15,094] {spark_submit.py:514} INFO - name                    Spark book count
[2022-02-07 09:11:15,094] {spark_submit.py:514} INFO - childArgs               [/usr/local/spark/data/book.txt]
[2022-02-07 09:11:15,094] {spark_submit.py:514} INFO - jars                    null
[2022-02-07 09:11:15,094] {spark_submit.py:514} INFO - packages                null
[2022-02-07 09:11:15,094] {spark_submit.py:514} INFO - packagesExclusions      null
[2022-02-07 09:11:15,095] {spark_submit.py:514} INFO - repositories            null
[2022-02-07 09:11:15,095] {spark_submit.py:514} INFO - verbose                 true
[2022-02-07 09:11:15,095] {spark_submit.py:514} INFO - 
[2022-02-07 09:11:15,095] {spark_submit.py:514} INFO - Spark properties used, including those specified through
[2022-02-07 09:11:15,095] {spark_submit.py:514} INFO - --conf and those from the properties file null:
[2022-02-07 09:11:15,095] {spark_submit.py:514} INFO - (spark.master,spark://spark:7077)
[2022-02-07 09:11:15,095] {spark_submit.py:514} INFO - 
[2022-02-07 09:11:15,096] {spark_submit.py:514} INFO - 
[2022-02-07 09:11:15,287] {spark_submit.py:514} INFO - Main class:
[2022-02-07 09:11:15,287] {spark_submit.py:514} INFO - org.apache.spark.deploy.PythonRunner
[2022-02-07 09:11:15,288] {spark_submit.py:514} INFO - Arguments:
[2022-02-07 09:11:15,288] {spark_submit.py:514} INFO - file:/usr/local/spark/app/spark-book-count.py
[2022-02-07 09:11:15,288] {spark_submit.py:514} INFO - null
[2022-02-07 09:11:15,288] {spark_submit.py:514} INFO - /usr/local/spark/data/book.txt
[2022-02-07 09:11:15,289] {spark_submit.py:514} INFO - Spark config:
[2022-02-07 09:11:15,289] {spark_submit.py:514} INFO - (spark.app.name,Spark book count)
[2022-02-07 09:11:15,289] {spark_submit.py:514} INFO - (spark.master,spark://spark:7077)
[2022-02-07 09:11:15,289] {spark_submit.py:514} INFO - (spark.submit.pyFiles,)
[2022-02-07 09:11:15,289] {spark_submit.py:514} INFO - (spark.submit.deployMode,client)
[2022-02-07 09:11:15,289] {spark_submit.py:514} INFO - Classpath elements:
[2022-02-07 09:11:15,290] {spark_submit.py:514} INFO - 
[2022-02-07 09:11:15,290] {spark_submit.py:514} INFO - 
[2022-02-07 09:11:15,290] {spark_submit.py:514} INFO - 
[2022-02-07 09:11:15,936] {spark_submit.py:514} INFO - Using Spark's default log4j profile: org/apache/spark/log4j-defaults.properties
[2022-02-07 09:11:15,943] {spark_submit.py:514} INFO - 22/02/07 09:11:15 INFO SparkContext: Running Spark version 3.2.1
[2022-02-07 09:11:16,010] {spark_submit.py:514} INFO - 22/02/07 09:11:16 WARN NativeCodeLoader: Unable to load native-hadoop library for your platform... using builtin-java classes where applicable
[2022-02-07 09:11:16,089] {spark_submit.py:514} INFO - 22/02/07 09:11:16 INFO ResourceUtils: ==============================================================
[2022-02-07 09:11:16,089] {spark_submit.py:514} INFO - 22/02/07 09:11:16 INFO ResourceUtils: No custom resources configured for spark.driver.
[2022-02-07 09:11:16,090] {spark_submit.py:514} INFO - 22/02/07 09:11:16 INFO ResourceUtils: ==============================================================
[2022-02-07 09:11:16,090] {spark_submit.py:514} INFO - 22/02/07 09:11:16 INFO SparkContext: Submitted application: WordCount
[2022-02-07 09:11:16,108] {spark_submit.py:514} INFO - 22/02/07 09:11:16 INFO ResourceProfile: Default ResourceProfile created, executor resources: Map(cores -> name: cores, amount: 1, script: , vendor: , memory -> name: memory, amount: 1024, script: , vendor: , offHeap -> name: offHeap, amount: 0, script: , vendor: ), task resources: Map(cpus -> name: cpus, amount: 1.0)
[2022-02-07 09:11:16,118] {spark_submit.py:514} INFO - 22/02/07 09:11:16 INFO ResourceProfile: Limiting resource is cpu
[2022-02-07 09:11:16,118] {spark_submit.py:514} INFO - 22/02/07 09:11:16 INFO ResourceProfileManager: Added ResourceProfile id: 0
[2022-02-07 09:11:16,156] {spark_submit.py:514} INFO - 22/02/07 09:11:16 INFO SecurityManager: Changing view acls to: ***
[2022-02-07 09:11:16,156] {spark_submit.py:514} INFO - 22/02/07 09:11:16 INFO SecurityManager: Changing modify acls to: ***
[2022-02-07 09:11:16,157] {spark_submit.py:514} INFO - 22/02/07 09:11:16 INFO SecurityManager: Changing view acls groups to:
[2022-02-07 09:11:16,157] {spark_submit.py:514} INFO - 22/02/07 09:11:16 INFO SecurityManager: Changing modify acls groups to:
[2022-02-07 09:11:16,157] {spark_submit.py:514} INFO - 22/02/07 09:11:16 INFO SecurityManager: SecurityManager: authentication disabled; ui acls disabled; users  with view permissions: Set(***); groups with view permissions: Set(); users  with modify permissions: Set(***); groups with modify permissions: Set()
[2022-02-07 09:11:16,408] {spark_submit.py:514} INFO - 22/02/07 09:11:16 INFO Utils: Successfully started service 'sparkDriver' on port 42793.
[2022-02-07 09:11:16,428] {spark_submit.py:514} INFO - 22/02/07 09:11:16 INFO SparkEnv: Registering MapOutputTracker
[2022-02-07 09:11:16,450] {spark_submit.py:514} INFO - 22/02/07 09:11:16 INFO SparkEnv: Registering BlockManagerMaster
[2022-02-07 09:11:16,464] {spark_submit.py:514} INFO - 22/02/07 09:11:16 INFO BlockManagerMasterEndpoint: Using org.apache.spark.storage.DefaultTopologyMapper for getting topology information
[2022-02-07 09:11:16,465] {spark_submit.py:514} INFO - 22/02/07 09:11:16 INFO BlockManagerMasterEndpoint: BlockManagerMasterEndpoint up
[2022-02-07 09:11:16,472] {spark_submit.py:514} INFO - 22/02/07 09:11:16 INFO SparkEnv: Registering BlockManagerMasterHeartbeat
[2022-02-07 09:11:16,493] {spark_submit.py:514} INFO - 22/02/07 09:11:16 INFO DiskBlockManager: Created local directory at /tmp/blockmgr-15c32dd6-cf1b-4973-95e7-14bd61d4c2b9
[2022-02-07 09:11:16,515] {spark_submit.py:514} INFO - 22/02/07 09:11:16 INFO MemoryStore: MemoryStore started with capacity 434.4 MiB
[2022-02-07 09:11:16,535] {spark_submit.py:514} INFO - 22/02/07 09:11:16 INFO SparkEnv: Registering OutputCommitCoordinator
[2022-02-07 09:11:16,701] {spark_submit.py:514} INFO - 22/02/07 09:11:16 INFO Utils: Successfully started service 'SparkUI' on port 4040.
[2022-02-07 09:11:16,772] {spark_submit.py:514} INFO - 22/02/07 09:11:16 INFO SparkUI: Bound SparkUI to 0.0.0.0, and started at http://26317865bac6:4040
[2022-02-07 09:11:17,032] {spark_submit.py:514} INFO - 22/02/07 09:11:17 INFO StandaloneAppClient$ClientEndpoint: Connecting to master spark://spark:7077...
[2022-02-07 09:11:17,090] {spark_submit.py:514} INFO - 22/02/07 09:11:17 INFO TransportClientFactory: Successfully created connection to spark/172.19.0.4:7077 after 20 ms (0 ms spent in bootstraps)
[2022-02-07 09:11:17,186] {spark_submit.py:514} INFO - 22/02/07 09:11:17 INFO StandaloneSchedulerBackend: Connected to Spark cluster with app ID app-20220207091117-0000
[2022-02-07 09:11:17,199] {spark_submit.py:514} INFO - 22/02/07 09:11:17 INFO Utils: Successfully started service 'org.apache.spark.network.netty.NettyBlockTransferService' on port 36835.
[2022-02-07 09:11:17,199] {spark_submit.py:514} INFO - 22/02/07 09:11:17 INFO NettyBlockTransferService: Server created on 26317865bac6:36835
[2022-02-07 09:11:17,203] {spark_submit.py:514} INFO - 22/02/07 09:11:17 INFO BlockManager: Using org.apache.spark.storage.RandomBlockReplicationPolicy for block replication policy
[2022-02-07 09:11:17,206] {spark_submit.py:514} INFO - 22/02/07 09:11:17 INFO BlockManagerMaster: Registering BlockManager BlockManagerId(driver, 26317865bac6, 36835, None)
[2022-02-07 09:11:17,210] {spark_submit.py:514} INFO - 22/02/07 09:11:17 INFO BlockManagerMasterEndpoint: Registering block manager 26317865bac6:36835 with 434.4 MiB RAM, BlockManagerId(driver, 26317865bac6, 36835, None)
[2022-02-07 09:11:17,212] {spark_submit.py:514} INFO - 22/02/07 09:11:17 INFO BlockManagerMaster: Registered BlockManager BlockManagerId(driver, 26317865bac6, 36835, None)
[2022-02-07 09:11:17,213] {spark_submit.py:514} INFO - 22/02/07 09:11:17 INFO BlockManager: Initialized BlockManager: BlockManagerId(driver, 26317865bac6, 36835, None)
[2022-02-07 09:11:17,244] {spark_submit.py:514} INFO - 22/02/07 09:11:17 INFO StandaloneAppClient$ClientEndpoint: Executor added: app-20220207091117-0000/0 on worker-20220207090515-172.19.0.5-46385 (172.19.0.5:46385) with 1 core(s)
[2022-02-07 09:11:17,244] {spark_submit.py:514} INFO - 22/02/07 09:11:17 INFO StandaloneSchedulerBackend: Granted executor ID app-20220207091117-0000/0 on hostPort 172.19.0.5:46385 with 1 core(s), 1024.0 MiB RAM
[2022-02-07 09:11:17,358] {spark_submit.py:514} INFO - 22/02/07 09:11:17 INFO StandaloneAppClient$ClientEndpoint: Executor updated: app-20220207091117-0000/0 is now RUNNING
[2022-02-07 09:11:17,382] {spark_submit.py:514} INFO - 22/02/07 09:11:17 INFO StandaloneSchedulerBackend: SchedulerBackend is ready for scheduling beginning after reached minRegisteredResourcesRatio: 0.0
[2022-02-07 09:11:17,572] {spark_submit.py:514} INFO - 22/02/07 09:11:17 INFO SharedState: Setting hive.metastore.warehouse.dir ('null') to the value of spark.sql.warehouse.dir.
[2022-02-07 09:11:17,592] {spark_submit.py:514} INFO - 22/02/07 09:11:17 INFO SharedState: Warehouse path is 'file:/app/spark-warehouse'.
[2022-02-07 09:11:18,340] {spark_submit.py:514} INFO - 22/02/07 09:11:18 INFO InMemoryFileIndex: It took 41 ms to list leaf files for 1 paths.
[2022-02-07 09:11:19,107] {spark_submit.py:514} INFO - 22/02/07 09:11:19 INFO CoarseGrainedSchedulerBackend$DriverEndpoint: Registered executor NettyRpcEndpointRef(spark-client://Executor) (172.19.0.5:45796) with ID 0,  ResourceProfileId 0
[2022-02-07 09:11:19,213] {spark_submit.py:514} INFO - 22/02/07 09:11:19 INFO BlockManagerMasterEndpoint: Registering block manager 172.19.0.5:44149 with 366.3 MiB RAM, BlockManagerId(0, 172.19.0.5, 44149, None)
[2022-02-07 09:11:20,159] {spark_submit.py:514} INFO - 22/02/07 09:11:20 INFO FileSourceStrategy: Pushed Filters:
[2022-02-07 09:11:20,160] {spark_submit.py:514} INFO - 22/02/07 09:11:20 INFO FileSourceStrategy: Post-Scan Filters:
[2022-02-07 09:11:20,161] {spark_submit.py:514} INFO - 22/02/07 09:11:20 INFO FileSourceStrategy: Output Data Schema: struct<value: string>
[2022-02-07 09:11:20,435] {spark_submit.py:514} INFO - 22/02/07 09:11:20 INFO HashAggregateExec: spark.sql.codegen.aggregate.map.twolevel.enabled is set to true, but current version of codegened fast hashmap does not support this aggregate.
[2022-02-07 09:11:20,617] {spark_submit.py:514} INFO - 22/02/07 09:11:20 INFO CodeGenerator: Code generated in 142.494705 ms
[2022-02-07 09:11:20,664] {spark_submit.py:514} INFO - 22/02/07 09:11:20 INFO MemoryStore: Block broadcast_0 stored as values in memory (estimated size 189.9 KiB, free 434.2 MiB)
[2022-02-07 09:11:20,702] {spark_submit.py:514} INFO - 22/02/07 09:11:20 INFO MemoryStore: Block broadcast_0_piece0 stored as bytes in memory (estimated size 32.7 KiB, free 434.2 MiB)
[2022-02-07 09:11:20,704] {spark_submit.py:514} INFO - 22/02/07 09:11:20 INFO BlockManagerInfo: Added broadcast_0_piece0 in memory on 26317865bac6:36835 (size: 32.7 KiB, free: 434.4 MiB)
[2022-02-07 09:11:20,707] {spark_submit.py:514} INFO - 22/02/07 09:11:20 INFO SparkContext: Created broadcast 0 from count at NativeMethodAccessorImpl.java:0
[2022-02-07 09:11:20,713] {spark_submit.py:514} INFO - 22/02/07 09:11:20 INFO FileSourceScanExec: Planning scan with bin packing, max size: 4194304 bytes, open cost is considered as scanning 4194304 bytes.
[2022-02-07 09:11:20,832] {spark_submit.py:514} INFO - 22/02/07 09:11:20 INFO DAGScheduler: Registering RDD 3 (count at NativeMethodAccessorImpl.java:0) as input to shuffle 0
[2022-02-07 09:11:20,836] {spark_submit.py:514} INFO - 22/02/07 09:11:20 INFO DAGScheduler: Got map stage job 0 (count at NativeMethodAccessorImpl.java:0) with 1 output partitions
[2022-02-07 09:11:20,836] {spark_submit.py:514} INFO - 22/02/07 09:11:20 INFO DAGScheduler: Final stage: ShuffleMapStage 0 (count at NativeMethodAccessorImpl.java:0)
[2022-02-07 09:11:20,836] {spark_submit.py:514} INFO - 22/02/07 09:11:20 INFO DAGScheduler: Parents of final stage: List()
[2022-02-07 09:11:20,837] {spark_submit.py:514} INFO - 22/02/07 09:11:20 INFO DAGScheduler: Missing parents: List()
[2022-02-07 09:11:20,839] {spark_submit.py:514} INFO - 22/02/07 09:11:20 INFO DAGScheduler: Submitting ShuffleMapStage 0 (MapPartitionsRDD[3] at count at NativeMethodAccessorImpl.java:0), which has no missing parents
[2022-02-07 09:11:20,864] {spark_submit.py:514} INFO - 22/02/07 09:11:20 INFO MemoryStore: Block broadcast_1 stored as values in memory (estimated size 30.2 KiB, free 434.2 MiB)
[2022-02-07 09:11:20,868] {spark_submit.py:514} INFO - 22/02/07 09:11:20 INFO MemoryStore: Block broadcast_1_piece0 stored as bytes in memory (estimated size 13.8 KiB, free 434.1 MiB)
[2022-02-07 09:11:20,868] {spark_submit.py:514} INFO - 22/02/07 09:11:20 INFO BlockManagerInfo: Added broadcast_1_piece0 in memory on 26317865bac6:36835 (size: 13.8 KiB, free: 434.4 MiB)
[2022-02-07 09:11:20,869] {spark_submit.py:514} INFO - 22/02/07 09:11:20 INFO SparkContext: Created broadcast 1 from broadcast at DAGScheduler.scala:1478
[2022-02-07 09:11:20,878] {spark_submit.py:514} INFO - 22/02/07 09:11:20 INFO DAGScheduler: Submitting 1 missing tasks from ShuffleMapStage 0 (MapPartitionsRDD[3] at count at NativeMethodAccessorImpl.java:0) (first 15 tasks are for partitions Vector(0))
[2022-02-07 09:11:20,878] {spark_submit.py:514} INFO - 22/02/07 09:11:20 INFO TaskSchedulerImpl: Adding task set 0.0 with 1 tasks resource profile 0
[2022-02-07 09:11:20,900] {spark_submit.py:514} INFO - 22/02/07 09:11:20 INFO TaskSetManager: Starting task 0.0 in stage 0.0 (TID 0) (172.19.0.5, executor 0, partition 0, PROCESS_LOCAL, 4855 bytes) taskResourceAssignments Map()
[2022-02-07 09:11:21,089] {spark_submit.py:514} INFO - 22/02/07 09:11:21 INFO BlockManagerInfo: Added broadcast_1_piece0 in memory on 172.19.0.5:44149 (size: 13.8 KiB, free: 366.3 MiB)
[2022-02-07 09:11:21,868] {spark_submit.py:514} INFO - 22/02/07 09:11:21 INFO BlockManagerInfo: Added broadcast_0_piece0 in memory on 172.19.0.5:44149 (size: 32.7 KiB, free: 366.3 MiB)
[2022-02-07 09:11:22,054] {spark_submit.py:514} INFO - 22/02/07 09:11:22 INFO TaskSetManager: Finished task 0.0 in stage 0.0 (TID 0) in 1159 ms on 172.19.0.5 (executor 0) (1/1)
[2022-02-07 09:11:22,055] {spark_submit.py:514} INFO - 22/02/07 09:11:22 INFO TaskSchedulerImpl: Removed TaskSet 0.0, whose tasks have all completed, from pool
[2022-02-07 09:11:22,060] {spark_submit.py:514} INFO - 22/02/07 09:11:22 INFO DAGScheduler: ShuffleMapStage 0 (count at NativeMethodAccessorImpl.java:0) finished in 1.212 s
[2022-02-07 09:11:22,061] {spark_submit.py:514} INFO - 22/02/07 09:11:22 INFO DAGScheduler: looking for newly runnable stages
[2022-02-07 09:11:22,061] {spark_submit.py:514} INFO - 22/02/07 09:11:22 INFO DAGScheduler: running: Set()
[2022-02-07 09:11:22,062] {spark_submit.py:514} INFO - 22/02/07 09:11:22 INFO DAGScheduler: waiting: Set()
[2022-02-07 09:11:22,062] {spark_submit.py:514} INFO - 22/02/07 09:11:22 INFO DAGScheduler: failed: Set()
[2022-02-07 09:11:22,077] {spark_submit.py:514} INFO - 22/02/07 09:11:22 INFO ShufflePartitionsUtil: For shuffle(0), advisory target size: 67108864, actual target size 1048576, minimum partition size: 1048576
[2022-02-07 09:11:22,094] {spark_submit.py:514} INFO - 22/02/07 09:11:22 INFO HashAggregateExec: spark.sql.codegen.aggregate.map.twolevel.enabled is set to true, but current version of codegened fast hashmap does not support this aggregate.
[2022-02-07 09:11:22,123] {spark_submit.py:514} INFO - 22/02/07 09:11:22 INFO CodeGenerator: Code generated in 16.964858 ms
[2022-02-07 09:11:22,149] {spark_submit.py:514} INFO - 22/02/07 09:11:22 INFO DAGScheduler: Registering RDD 6 (count at NativeMethodAccessorImpl.java:0) as input to shuffle 1
[2022-02-07 09:11:22,150] {spark_submit.py:514} INFO - 22/02/07 09:11:22 INFO DAGScheduler: Got map stage job 1 (count at NativeMethodAccessorImpl.java:0) with 1 output partitions
[2022-02-07 09:11:22,150] {spark_submit.py:514} INFO - 22/02/07 09:11:22 INFO DAGScheduler: Final stage: ShuffleMapStage 2 (count at NativeMethodAccessorImpl.java:0)
[2022-02-07 09:11:22,151] {spark_submit.py:514} INFO - 22/02/07 09:11:22 INFO DAGScheduler: Parents of final stage: List(ShuffleMapStage 1)
[2022-02-07 09:11:22,151] {spark_submit.py:514} INFO - 22/02/07 09:11:22 INFO DAGScheduler: Missing parents: List()
[2022-02-07 09:11:22,151] {spark_submit.py:514} INFO - 22/02/07 09:11:22 INFO DAGScheduler: Submitting ShuffleMapStage 2 (MapPartitionsRDD[6] at count at NativeMethodAccessorImpl.java:0), which has no missing parents
[2022-02-07 09:11:22,163] {spark_submit.py:514} INFO - 22/02/07 09:11:22 INFO MemoryStore: Block broadcast_2 stored as values in memory (estimated size 36.3 KiB, free 434.1 MiB)
[2022-02-07 09:11:22,167] {spark_submit.py:514} INFO - 22/02/07 09:11:22 INFO MemoryStore: Block broadcast_2_piece0 stored as bytes in memory (estimated size 17.0 KiB, free 434.1 MiB)
[2022-02-07 09:11:22,168] {spark_submit.py:514} INFO - 22/02/07 09:11:22 INFO BlockManagerInfo: Added broadcast_2_piece0 in memory on 26317865bac6:36835 (size: 17.0 KiB, free: 434.3 MiB)
[2022-02-07 09:11:22,168] {spark_submit.py:514} INFO - 22/02/07 09:11:22 INFO SparkContext: Created broadcast 2 from broadcast at DAGScheduler.scala:1478
[2022-02-07 09:11:22,169] {spark_submit.py:514} INFO - 22/02/07 09:11:22 INFO DAGScheduler: Submitting 1 missing tasks from ShuffleMapStage 2 (MapPartitionsRDD[6] at count at NativeMethodAccessorImpl.java:0) (first 15 tasks are for partitions Vector(0))
[2022-02-07 09:11:22,169] {spark_submit.py:514} INFO - 22/02/07 09:11:22 INFO TaskSchedulerImpl: Adding task set 2.0 with 1 tasks resource profile 0
[2022-02-07 09:11:22,173] {spark_submit.py:514} INFO - 22/02/07 09:11:22 INFO TaskSetManager: Starting task 0.0 in stage 2.0 (TID 1) (172.19.0.5, executor 0, partition 0, NODE_LOCAL, 4446 bytes) taskResourceAssignments Map()
[2022-02-07 09:11:22,199] {spark_submit.py:514} INFO - 22/02/07 09:11:22 INFO BlockManagerInfo: Added broadcast_2_piece0 in memory on 172.19.0.5:44149 (size: 17.0 KiB, free: 366.2 MiB)
[2022-02-07 09:11:22,235] {spark_submit.py:514} INFO - 22/02/07 09:11:22 INFO MapOutputTrackerMasterEndpoint: Asked to send map output locations for shuffle 0 to 172.19.0.5:45796
[2022-02-07 09:11:22,350] {spark_submit.py:514} INFO - 22/02/07 09:11:22 INFO TaskSetManager: Finished task 0.0 in stage 2.0 (TID 1) in 178 ms on 172.19.0.5 (executor 0) (1/1)
[2022-02-07 09:11:22,351] {spark_submit.py:514} INFO - 22/02/07 09:11:22 INFO TaskSchedulerImpl: Removed TaskSet 2.0, whose tasks have all completed, from pool
[2022-02-07 09:11:22,352] {spark_submit.py:514} INFO - 22/02/07 09:11:22 INFO DAGScheduler: ShuffleMapStage 2 (count at NativeMethodAccessorImpl.java:0) finished in 0.194 s
[2022-02-07 09:11:22,353] {spark_submit.py:514} INFO - 22/02/07 09:11:22 INFO DAGScheduler: looking for newly runnable stages
[2022-02-07 09:11:22,353] {spark_submit.py:514} INFO - 22/02/07 09:11:22 INFO DAGScheduler: running: Set()
[2022-02-07 09:11:22,353] {spark_submit.py:514} INFO - 22/02/07 09:11:22 INFO DAGScheduler: waiting: Set()
[2022-02-07 09:11:22,354] {spark_submit.py:514} INFO - 22/02/07 09:11:22 INFO DAGScheduler: failed: Set()
[2022-02-07 09:11:22,378] {spark_submit.py:514} INFO - 22/02/07 09:11:22 INFO CodeGenerator: Code generated in 8.859235 ms
[2022-02-07 09:11:22,395] {spark_submit.py:514} INFO - 22/02/07 09:11:22 INFO SparkContext: Starting job: count at NativeMethodAccessorImpl.java:0
[2022-02-07 09:11:22,399] {spark_submit.py:514} INFO - 22/02/07 09:11:22 INFO DAGScheduler: Got job 2 (count at NativeMethodAccessorImpl.java:0) with 1 output partitions
[2022-02-07 09:11:22,399] {spark_submit.py:514} INFO - 22/02/07 09:11:22 INFO DAGScheduler: Final stage: ResultStage 5 (count at NativeMethodAccessorImpl.java:0)
[2022-02-07 09:11:22,399] {spark_submit.py:514} INFO - 22/02/07 09:11:22 INFO DAGScheduler: Parents of final stage: List(ShuffleMapStage 4)
[2022-02-07 09:11:22,400] {spark_submit.py:514} INFO - 22/02/07 09:11:22 INFO DAGScheduler: Missing parents: List()
[2022-02-07 09:11:22,401] {spark_submit.py:514} INFO - 22/02/07 09:11:22 INFO DAGScheduler: Submitting ResultStage 5 (MapPartitionsRDD[9] at count at NativeMethodAccessorImpl.java:0), which has no missing parents
[2022-02-07 09:11:22,405] {spark_submit.py:514} INFO - 22/02/07 09:11:22 INFO MemoryStore: Block broadcast_3 stored as values in memory (estimated size 11.0 KiB, free 434.1 MiB)
[2022-02-07 09:11:22,407] {spark_submit.py:514} INFO - 22/02/07 09:11:22 INFO MemoryStore: Block broadcast_3_piece0 stored as bytes in memory (estimated size 5.5 KiB, free 434.1 MiB)
[2022-02-07 09:11:22,408] {spark_submit.py:514} INFO - 22/02/07 09:11:22 INFO BlockManagerInfo: Added broadcast_3_piece0 in memory on 26317865bac6:36835 (size: 5.5 KiB, free: 434.3 MiB)
[2022-02-07 09:11:22,408] {spark_submit.py:514} INFO - 22/02/07 09:11:22 INFO SparkContext: Created broadcast 3 from broadcast at DAGScheduler.scala:1478
[2022-02-07 09:11:22,410] {spark_submit.py:514} INFO - 22/02/07 09:11:22 INFO DAGScheduler: Submitting 1 missing tasks from ResultStage 5 (MapPartitionsRDD[9] at count at NativeMethodAccessorImpl.java:0) (first 15 tasks are for partitions Vector(0))
[2022-02-07 09:11:22,410] {spark_submit.py:514} INFO - 22/02/07 09:11:22 INFO TaskSchedulerImpl: Adding task set 5.0 with 1 tasks resource profile 0
[2022-02-07 09:11:22,411] {spark_submit.py:514} INFO - 22/02/07 09:11:22 INFO TaskSetManager: Starting task 0.0 in stage 5.0 (TID 2) (172.19.0.5, executor 0, partition 0, NODE_LOCAL, 4457 bytes) taskResourceAssignments Map()
[2022-02-07 09:11:22,426] {spark_submit.py:514} INFO - 22/02/07 09:11:22 INFO BlockManagerInfo: Added broadcast_3_piece0 in memory on 172.19.0.5:44149 (size: 5.5 KiB, free: 366.2 MiB)
[2022-02-07 09:11:22,506] {spark_submit.py:514} INFO - 22/02/07 09:11:22 INFO MapOutputTrackerMasterEndpoint: Asked to send map output locations for shuffle 1 to 172.19.0.5:45796
[2022-02-07 09:11:22,530] {spark_submit.py:514} INFO - 22/02/07 09:11:22 INFO TaskSetManager: Finished task 0.0 in stage 5.0 (TID 2) in 120 ms on 172.19.0.5 (executor 0) (1/1)
[2022-02-07 09:11:22,531] {spark_submit.py:514} INFO - 22/02/07 09:11:22 INFO TaskSchedulerImpl: Removed TaskSet 5.0, whose tasks have all completed, from pool
[2022-02-07 09:11:22,531] {spark_submit.py:514} INFO - 22/02/07 09:11:22 INFO DAGScheduler: ResultStage 5 (count at NativeMethodAccessorImpl.java:0) finished in 0.128 s
[2022-02-07 09:11:22,533] {spark_submit.py:514} INFO - 22/02/07 09:11:22 INFO DAGScheduler: Job 2 is finished. Cancelling potential speculative or zombie tasks for this job
[2022-02-07 09:11:22,533] {spark_submit.py:514} INFO - 22/02/07 09:11:22 INFO TaskSchedulerImpl: Killing all running tasks in stage 5: Stage finished
[2022-02-07 09:11:22,535] {spark_submit.py:514} INFO - 22/02/07 09:11:22 INFO DAGScheduler: Job 2 finished: count at NativeMethodAccessorImpl.java:0, took 0.138814 s
[2022-02-07 09:11:22,583] {spark_submit.py:514} INFO - 22/02/07 09:11:22 INFO FileSourceStrategy: Pushed Filters:
[2022-02-07 09:11:22,584] {spark_submit.py:514} INFO - 22/02/07 09:11:22 INFO FileSourceStrategy: Post-Scan Filters:
[2022-02-07 09:11:22,584] {spark_submit.py:514} INFO - 22/02/07 09:11:22 INFO FileSourceStrategy: Output Data Schema: struct<value: string>
[2022-02-07 09:11:22,660] {spark_submit.py:514} INFO - 22/02/07 09:11:22 INFO CodeGenerator: Code generated in 36.426567 ms
[2022-02-07 09:11:22,664] {spark_submit.py:514} INFO - 22/02/07 09:11:22 INFO MemoryStore: Block broadcast_4 stored as values in memory (estimated size 189.9 KiB, free 433.9 MiB)
[2022-02-07 09:11:22,675] {spark_submit.py:514} INFO - 22/02/07 09:11:22 INFO MemoryStore: Block broadcast_4_piece0 stored as bytes in memory (estimated size 32.7 KiB, free 433.9 MiB)
[2022-02-07 09:11:22,676] {spark_submit.py:514} INFO - 22/02/07 09:11:22 INFO BlockManagerInfo: Added broadcast_4_piece0 in memory on 26317865bac6:36835 (size: 32.7 KiB, free: 434.3 MiB)
[2022-02-07 09:11:22,677] {spark_submit.py:514} INFO - 22/02/07 09:11:22 INFO SparkContext: Created broadcast 4 from showString at NativeMethodAccessorImpl.java:0
[2022-02-07 09:11:22,678] {spark_submit.py:514} INFO - 22/02/07 09:11:22 INFO FileSourceScanExec: Planning scan with bin packing, max size: 4194304 bytes, open cost is considered as scanning 4194304 bytes.
[2022-02-07 09:11:22,687] {spark_submit.py:514} INFO - 22/02/07 09:11:22 INFO DAGScheduler: Registering RDD 13 (showString at NativeMethodAccessorImpl.java:0) as input to shuffle 2
[2022-02-07 09:11:22,687] {spark_submit.py:514} INFO - 22/02/07 09:11:22 INFO DAGScheduler: Got map stage job 3 (showString at NativeMethodAccessorImpl.java:0) with 1 output partitions
[2022-02-07 09:11:22,688] {spark_submit.py:514} INFO - 22/02/07 09:11:22 INFO DAGScheduler: Final stage: ShuffleMapStage 6 (showString at NativeMethodAccessorImpl.java:0)
[2022-02-07 09:11:22,688] {spark_submit.py:514} INFO - 22/02/07 09:11:22 INFO DAGScheduler: Parents of final stage: List()
[2022-02-07 09:11:22,688] {spark_submit.py:514} INFO - 22/02/07 09:11:22 INFO DAGScheduler: Missing parents: List()
[2022-02-07 09:11:22,688] {spark_submit.py:514} INFO - 22/02/07 09:11:22 INFO DAGScheduler: Submitting ShuffleMapStage 6 (MapPartitionsRDD[13] at showString at NativeMethodAccessorImpl.java:0), which has no missing parents
[2022-02-07 09:11:22,692] {spark_submit.py:514} INFO - 22/02/07 09:11:22 INFO MemoryStore: Block broadcast_5 stored as values in memory (estimated size 36.5 KiB, free 433.8 MiB)
[2022-02-07 09:11:22,695] {spark_submit.py:514} INFO - 22/02/07 09:11:22 INFO MemoryStore: Block broadcast_5_piece0 stored as bytes in memory (estimated size 16.9 KiB, free 433.8 MiB)
[2022-02-07 09:11:22,695] {spark_submit.py:514} INFO - 22/02/07 09:11:22 INFO BlockManagerInfo: Added broadcast_5_piece0 in memory on 26317865bac6:36835 (size: 16.9 KiB, free: 434.3 MiB)
[2022-02-07 09:11:22,696] {spark_submit.py:514} INFO - 22/02/07 09:11:22 INFO SparkContext: Created broadcast 5 from broadcast at DAGScheduler.scala:1478
[2022-02-07 09:11:22,697] {spark_submit.py:514} INFO - 22/02/07 09:11:22 INFO DAGScheduler: Submitting 1 missing tasks from ShuffleMapStage 6 (MapPartitionsRDD[13] at showString at NativeMethodAccessorImpl.java:0) (first 15 tasks are for partitions Vector(0))
[2022-02-07 09:11:22,697] {spark_submit.py:514} INFO - 22/02/07 09:11:22 INFO TaskSchedulerImpl: Adding task set 6.0 with 1 tasks resource profile 0
[2022-02-07 09:11:22,698] {spark_submit.py:514} INFO - 22/02/07 09:11:22 INFO TaskSetManager: Starting task 0.0 in stage 6.0 (TID 3) (172.19.0.5, executor 0, partition 0, PROCESS_LOCAL, 4855 bytes) taskResourceAssignments Map()
[2022-02-07 09:11:22,714] {spark_submit.py:514} INFO - 22/02/07 09:11:22 INFO BlockManagerInfo: Added broadcast_5_piece0 in memory on 172.19.0.5:44149 (size: 16.9 KiB, free: 366.2 MiB)
[2022-02-07 09:11:22,806] {spark_submit.py:514} INFO - 22/02/07 09:11:22 INFO BlockManagerInfo: Added broadcast_4_piece0 in memory on 172.19.0.5:44149 (size: 32.7 KiB, free: 366.2 MiB)
[2022-02-07 09:11:22,842] {spark_submit.py:514} INFO - 22/02/07 09:11:22 INFO TaskSetManager: Finished task 0.0 in stage 6.0 (TID 3) in 144 ms on 172.19.0.5 (executor 0) (1/1)
[2022-02-07 09:11:22,842] {spark_submit.py:514} INFO - 22/02/07 09:11:22 INFO TaskSchedulerImpl: Removed TaskSet 6.0, whose tasks have all completed, from pool
[2022-02-07 09:11:22,843] {spark_submit.py:514} INFO - 22/02/07 09:11:22 INFO DAGScheduler: ShuffleMapStage 6 (showString at NativeMethodAccessorImpl.java:0) finished in 0.154 s
[2022-02-07 09:11:22,843] {spark_submit.py:514} INFO - 22/02/07 09:11:22 INFO DAGScheduler: looking for newly runnable stages
[2022-02-07 09:11:22,844] {spark_submit.py:514} INFO - 22/02/07 09:11:22 INFO DAGScheduler: running: Set()
[2022-02-07 09:11:22,844] {spark_submit.py:514} INFO - 22/02/07 09:11:22 INFO DAGScheduler: waiting: Set()
[2022-02-07 09:11:22,844] {spark_submit.py:514} INFO - 22/02/07 09:11:22 INFO DAGScheduler: failed: Set()
[2022-02-07 09:11:22,848] {spark_submit.py:514} INFO - 22/02/07 09:11:22 INFO ShufflePartitionsUtil: For shuffle(2), advisory target size: 67108864, actual target size 1048576, minimum partition size: 1048576
[2022-02-07 09:11:22,875] {spark_submit.py:514} INFO - 22/02/07 09:11:22 INFO CodeGenerator: Code generated in 14.198168 ms
[2022-02-07 09:11:22,877] {spark_submit.py:514} INFO - 22/02/07 09:11:22 INFO HashAggregateExec: spark.sql.codegen.aggregate.map.twolevel.enabled is set to true, but current version of codegened fast hashmap does not support this aggregate.
[2022-02-07 09:11:22,895] {spark_submit.py:514} INFO - 22/02/07 09:11:22 INFO CodeGenerator: Code generated in 12.060063 ms
[2022-02-07 09:11:22,936] {spark_submit.py:514} INFO - 22/02/07 09:11:22 INFO SparkContext: Starting job: showString at NativeMethodAccessorImpl.java:0
[2022-02-07 09:11:22,937] {spark_submit.py:514} INFO - 22/02/07 09:11:22 INFO DAGScheduler: Got job 4 (showString at NativeMethodAccessorImpl.java:0) with 1 output partitions
[2022-02-07 09:11:22,938] {spark_submit.py:514} INFO - 22/02/07 09:11:22 INFO DAGScheduler: Final stage: ResultStage 8 (showString at NativeMethodAccessorImpl.java:0)
[2022-02-07 09:11:22,938] {spark_submit.py:514} INFO - 22/02/07 09:11:22 INFO DAGScheduler: Parents of final stage: List(ShuffleMapStage 7)
[2022-02-07 09:11:22,938] {spark_submit.py:514} INFO - 22/02/07 09:11:22 INFO DAGScheduler: Missing parents: List()
[2022-02-07 09:11:22,938] {spark_submit.py:514} INFO - 22/02/07 09:11:22 INFO DAGScheduler: Submitting ResultStage 8 (MapPartitionsRDD[17] at showString at NativeMethodAccessorImpl.java:0), which has no missing parents
[2022-02-07 09:11:22,947] {spark_submit.py:514} INFO - 22/02/07 09:11:22 INFO MemoryStore: Block broadcast_6 stored as values in memory (estimated size 36.6 KiB, free 433.8 MiB)
[2022-02-07 09:11:22,950] {spark_submit.py:514} INFO - 22/02/07 09:11:22 INFO MemoryStore: Block broadcast_6_piece0 stored as bytes in memory (estimated size 17.3 KiB, free 433.7 MiB)
[2022-02-07 09:11:22,951] {spark_submit.py:514} INFO - 22/02/07 09:11:22 INFO BlockManagerInfo: Added broadcast_6_piece0 in memory on 26317865bac6:36835 (size: 17.3 KiB, free: 434.3 MiB)
[2022-02-07 09:11:22,951] {spark_submit.py:514} INFO - 22/02/07 09:11:22 INFO SparkContext: Created broadcast 6 from broadcast at DAGScheduler.scala:1478
[2022-02-07 09:11:22,952] {spark_submit.py:514} INFO - 22/02/07 09:11:22 INFO DAGScheduler: Submitting 1 missing tasks from ResultStage 8 (MapPartitionsRDD[17] at showString at NativeMethodAccessorImpl.java:0) (first 15 tasks are for partitions Vector(0))
[2022-02-07 09:11:22,952] {spark_submit.py:514} INFO - 22/02/07 09:11:22 INFO TaskSchedulerImpl: Adding task set 8.0 with 1 tasks resource profile 0
[2022-02-07 09:11:22,953] {spark_submit.py:514} INFO - 22/02/07 09:11:22 INFO TaskSetManager: Starting task 0.0 in stage 8.0 (TID 4) (172.19.0.5, executor 0, partition 0, NODE_LOCAL, 4457 bytes) taskResourceAssignments Map()
[2022-02-07 09:11:22,969] {spark_submit.py:514} INFO - 22/02/07 09:11:22 INFO BlockManagerInfo: Added broadcast_6_piece0 in memory on 172.19.0.5:44149 (size: 17.3 KiB, free: 366.2 MiB)
[2022-02-07 09:11:23,031] {spark_submit.py:514} INFO - 22/02/07 09:11:23 INFO MapOutputTrackerMasterEndpoint: Asked to send map output locations for shuffle 2 to 172.19.0.5:45796
[2022-02-07 09:11:23,120] {spark_submit.py:514} INFO - 22/02/07 09:11:23 INFO TaskSetManager: Finished task 0.0 in stage 8.0 (TID 4) in 166 ms on 172.19.0.5 (executor 0) (1/1)
[2022-02-07 09:11:23,122] {spark_submit.py:514} INFO - 22/02/07 09:11:23 INFO DAGScheduler: ResultStage 8 (showString at NativeMethodAccessorImpl.java:0) finished in 0.180 s
[2022-02-07 09:11:23,122] {spark_submit.py:514} INFO - 22/02/07 09:11:23 INFO DAGScheduler: Job 4 is finished. Cancelling potential speculative or zombie tasks for this job
[2022-02-07 09:11:23,123] {spark_submit.py:514} INFO - 22/02/07 09:11:23 INFO TaskSchedulerImpl: Removed TaskSet 8.0, whose tasks have all completed, from pool
[2022-02-07 09:11:23,123] {spark_submit.py:514} INFO - 22/02/07 09:11:23 INFO TaskSchedulerImpl: Killing all running tasks in stage 8: Stage finished
[2022-02-07 09:11:23,124] {spark_submit.py:514} INFO - 22/02/07 09:11:23 INFO DAGScheduler: Job 4 finished: showString at NativeMethodAccessorImpl.java:0, took 0.188342 s
[2022-02-07 09:11:23,150] {spark_submit.py:514} INFO - 22/02/07 09:11:23 INFO CodeGenerator: Code generated in 13.081682 ms
[2022-02-07 09:11:23,173] {spark_submit.py:514} INFO - 22/02/07 09:11:23 INFO CodeGenerator: Code generated in 10.399065 ms
[2022-02-07 09:11:23,183] {spark_submit.py:514} INFO - +--------+-----+
[2022-02-07 09:11:23,184] {spark_submit.py:514} INFO - |    word|count|
[2022-02-07 09:11:23,184] {spark_submit.py:514} INFO - +--------+-----+
[2022-02-07 09:11:23,184] {spark_submit.py:514} INFO - | explain|    1|
[2022-02-07 09:11:23,184] {spark_submit.py:514} INFO - |      in|    1|
[2022-02-07 09:11:23,185] {spark_submit.py:514} INFO - |  cheese|    1|
[2022-02-07 09:11:23,185] {spark_submit.py:514} INFO - |     you|    1|
[2022-02-07 09:11:23,185] {spark_submit.py:514} INFO - |    will|    1|
[2022-02-07 09:11:23,185] {spark_submit.py:514} INFO - |cookbook|    1|
[2022-02-07 09:11:23,185] {spark_submit.py:514} INFO - |    make|    1|
[2022-02-07 09:11:23,185] {spark_submit.py:514} INFO - |  omelet|    1|
[2022-02-07 09:11:23,186] {spark_submit.py:514} INFO - |      to|    1|
[2022-02-07 09:11:23,186] {spark_submit.py:514} INFO - |    book|    1|
[2022-02-07 09:11:23,186] {spark_submit.py:514} INFO - |      we|    1|
[2022-02-07 09:11:23,186] {spark_submit.py:514} INFO - |   hello|    1|
[2022-02-07 09:11:23,186] {spark_submit.py:514} INFO - |      is|    1|
[2022-02-07 09:11:23,186] {spark_submit.py:514} INFO - |     how|    1|
[2022-02-07 09:11:23,186] {spark_submit.py:514} INFO - |       a|    2|
[2022-02-07 09:11:23,187] {spark_submit.py:514} INFO - |        |    2|
[2022-02-07 09:11:23,187] {spark_submit.py:514} INFO - |    this|    2|
[2022-02-07 09:11:23,187] {spark_submit.py:514} INFO - +--------+-----+
[2022-02-07 09:11:23,187] {spark_submit.py:514} INFO - 
[2022-02-07 09:11:23,218] {spark_submit.py:514} INFO - 22/02/07 09:11:23 INFO SparkContext: Invoking stop() from shutdown hook
[2022-02-07 09:11:23,223] {spark_submit.py:514} INFO - 22/02/07 09:11:23 INFO SparkUI: Stopped Spark web UI at http://26317865bac6:4040
[2022-02-07 09:11:23,226] {spark_submit.py:514} INFO - 22/02/07 09:11:23 INFO StandaloneSchedulerBackend: Shutting down all executors
[2022-02-07 09:11:23,226] {spark_submit.py:514} INFO - 22/02/07 09:11:23 INFO CoarseGrainedSchedulerBackend$DriverEndpoint: Asking each executor to shut down
[2022-02-07 09:11:23,257] {spark_submit.py:514} INFO - 22/02/07 09:11:23 INFO MapOutputTrackerMasterEndpoint: MapOutputTrackerMasterEndpoint stopped!
[2022-02-07 09:11:23,275] {spark_submit.py:514} INFO - 22/02/07 09:11:23 INFO MemoryStore: MemoryStore cleared
[2022-02-07 09:11:23,275] {spark_submit.py:514} INFO - 22/02/07 09:11:23 INFO BlockManager: BlockManager stopped
[2022-02-07 09:11:23,281] {spark_submit.py:514} INFO - 22/02/07 09:11:23 INFO BlockManagerMaster: BlockManagerMaster stopped
[2022-02-07 09:11:23,285] {spark_submit.py:514} INFO - 22/02/07 09:11:23 INFO OutputCommitCoordinator$OutputCommitCoordinatorEndpoint: OutputCommitCoordinator stopped!
[2022-02-07 09:11:23,337] {spark_submit.py:514} INFO - 22/02/07 09:11:23 INFO SparkContext: Successfully stopped SparkContext
[2022-02-07 09:11:23,338] {spark_submit.py:514} INFO - 22/02/07 09:11:23 INFO ShutdownHookManager: Shutdown hook called
[2022-02-07 09:11:23,338] {spark_submit.py:514} INFO - 22/02/07 09:11:23 INFO ShutdownHookManager: Deleting directory /tmp/spark-144bfc87-98bc-4a25-b5dd-4fcc3cd2c27f/pyspark-55f0fb4d-6f71-47ed-8ca5-13423fb04f38
[2022-02-07 09:11:23,341] {spark_submit.py:514} INFO - 22/02/07 09:11:23 INFO ShutdownHookManager: Deleting directory /tmp/spark-144bfc87-98bc-4a25-b5dd-4fcc3cd2c27f
[2022-02-07 09:11:23,343] {spark_submit.py:514} INFO - 22/02/07 09:11:23 INFO ShutdownHookManager: Deleting directory /tmp/spark-56eda3fb-7348-44df-8f16-a93410ffee7f
[2022-02-07 09:11:23,405] {taskinstance.py:1277} INFO - Marking task as SUCCESS. dag_id=spark-book-count, task_id=spark_job, execution_date=20220207T091111, start_date=20220207T091113, end_date=20220207T091123
[2022-02-07 09:11:23,440] {local_task_job.py:154} INFO - Task exited with return code 0
[2022-02-07 09:11:23,460] {local_task_job.py:264} INFO - 1 downstream tasks scheduled from follow-on schedule check
